<?xml version="1.0" encoding="UTF-8"?>
<!-- Generated by org.testng.reporters.JUnitXMLReporter -->
<testsuite ignored="0" hostname="DESKTOP-03EF0B8" failures="1" tests="3" name="Command line test" time="54.563" errors="0" timestamp="2024-06-03T06:57:29 EDT">
  <testcase classname="io.cucumber.testng.AbstractTestNGCucumberTests" name="runScenario" time="36.105">
    <failure type="java.lang.AssertionError" message="expected [Beetroot] but found [No data]">
      <![CDATA[java.lang.AssertionError: expected [Beetroot] but found [No data]
at stepdefinitions.offerpagestepdefinitions.validate_product_name_present_landing_is_same_as_offer_page(offerpagestepdefinitions.java:56)
at ✽.validate product name present landing is same as offer page(file:///E:/ACucumber/cucumber/src/test/java/features/searchproduct.feature:9)
... Removed 6 stack frames]]>
    </failure>
  </testcase> <!-- runScenario -->
  <testcase classname="io.cucumber.testng.AbstractTestNGCucumberTests" name="runScenario" time="42.223"/>
  <testcase classname="io.cucumber.testng.AbstractTestNGCucumberTests" name="runScenario" time="53.294"/>
</testsuite> <!-- Command line test -->
