<?xml version="1.0" encoding="UTF-8"?>
<testsuite xmlns:xsi="http://www.w3.org/2001/XMLSchema-instance" xsi:noNamespaceSchemaLocation="https://maven.apache.org/surefire/maven-surefire-plugin/xsd/surefire-test-report-3.0.xsd" version="3.0" name="TestSuite" time="54.875" tests="3" errors="0" skipped="0" failures="1">
  <properties>
[...]
</properties>
  <testcase name="runScenario[&quot;search experience for product search in both home page and offer page.&quot;, &quot;search and place the order for products&quot;](1)" classname="cucumberoptions.Testngtestrunner" time="38.674">
    <system-out><![CDATA[
@Placeorder
Scenario: Search the product add to cart in checkoutpage and purhase the product. # src/test/java/features/Addproduct2cart.feature:17

@offerpage
Scenario Outline: search experience for product search in both home page and offer page. # src/test/java/features/searchproduct.feature:13

@offerpage
Scenario Outline: search experience for product search in both home page and offer page.  # src/test/java/features/searchproduct.feature:14
  Given verify user is on Greenkart landingpage                                          # stepdefinitions.landingpagestepdefinitions.verify_user_is_on_Greenkart_landingpage()
  Given Verify user is on Greenkartpage                                           # stepdefinitions.Greenkartpagestepdefinition.verify_user_is_on_Greenkartpage()
  Given verify user is on Greenkart landingpage                                           # stepdefinitions.landingpagestepdefinitions.verify_user_is_on_Greenkart_landingpage()
Tomato
  When user searched with shortname Tom and extract actual name of product               # stepdefinitions.landingpagestepdefinitions.user_searched_with_short_name_and_extract_actual_name_of_product(java.lang.String)
Tomato
  When user searched with vegtablename Tom in Greenkartpage                       # stepdefinitions.Greenkartpagestepdefinition.user_searched_with_vegtablename_in_greenkartpage(java.lang.String)
Beetroot
  When user searched with shortname Beet and extract actual name of product               # stepdefinitions.landingpagestepdefinitions.user_searched_with_short_name_and_extract_actual_name_of_product(java.lang.String)
  And increase the quantity of the product by three times and add it to the cart  # stepdefinitions.Greenkartpagestepdefinition.increase_the_quantity()
Tomato
3 Nos.
  Then User searched for same vegtablename in checkout page                       # stepdefinitions.Checkoutpagestepdefinition.user_searched_for_same_vegeatblename_in_checkout_page()
Tomato
*******
  Then User searched for same shortname Tom in offers page to check if the product exist # stepdefinitions.offerpagestepdefinitions.User_searched_for_same_short_name_in_offers_page_to_check_if_the_product_exist(java.lang.String)
  And validate product name present landing is same as offer page                        # stepdefinitions.offerpagestepdefinitions.validate_product_name_present_landing_is_same_as_offer_page()
No data
*******
  Then User searched for same shortname Beet in offers page to check if the product exist # stepdefinitions.offerpagestepdefinitions.User_searched_for_same_short_name_in_offers_page_to_check_if_the_product_exist(java.lang.String)
  And validate product name present landing is same as offer page                         # stepdefinitions.offerpagestepdefinitions.validate_product_name_present_landing_is_same_as_offer_page()
      java.lang.AssertionError: expected [Beetroot] but found [No data]
	at org.testng.Assert.fail(Assert.java:111)
	at org.testng.Assert.failNotEquals(Assert.java:1578)
	at org.testng.Assert.assertEqualsImpl(Assert.java:150)
	at org.testng.Assert.assertEquals(Assert.java:132)
	at org.testng.Assert.assertEquals(Assert.java:656)
	at org.testng.Assert.assertEquals(Assert.java:666)
	at stepdefinitions.offerpagestepdefinitions.validate_product_name_present_landing_is_same_as_offer_page(offerpagestepdefinitions.java:56)
	at âœ½.validate product name present landing is same as offer page(file:///C:/Users/pavij/eclipse-workspace/ACucumber/cucumber/src/test/java/features/searchproduct.feature:9)


    Embedding cucumber [image/png 26164 bytes]

]]></system-out>
  </testcase>
  <testcase name="runScenario[&quot;search experience for product search in both home page and offer page.&quot;, &quot;search and place the order for products&quot;](2)" classname="cucumberoptions.Testngtestrunner" time="38.864">
    <failure message="expected [Beetroot] but found [No data]" type="java.lang.AssertionError"><![CDATA[java.lang.AssertionError: expected [Beetroot] but found [No data]
	at org.testng.Assert.fail(Assert.java:111)
	at org.testng.Assert.failNotEquals(Assert.java:1578)
	at org.testng.Assert.assertEqualsImpl(Assert.java:150)
	at org.testng.Assert.assertEquals(Assert.java:132)
	at org.testng.Assert.assertEquals(Assert.java:656)
	at org.testng.Assert.assertEquals(Assert.java:666)
	at stepdefinitions.offerpagestepdefinitions.validate_product_name_present_landing_is_same_as_offer_page(offerpagestepdefinitions.java:56)
	at ✽.validate product name present landing is same as offer page(file:///C:/Users/pavij/eclipse-workspace/ACucumber/cucumber/src/test/java/features/searchproduct.feature:9)
]]></failure>
  </testcase>
  <testcase name="runScenario[&quot;Search the product add to cart in checkoutpage and purhase the product.&quot;, &quot;Search and purchase the product&quot;](3)" classname="cucumberoptions.Testngtestrunner" time="53.036">
    <system-out><![CDATA[  And verify enter the promotional code and place the order                       # stepdefinitions.Checkoutpagestepdefinition.verify_the_promotional_CODE_and_place_order()
  And select the country finish shopping                                          # stepdefinitions.Countrypagestepdefinition.select_the_country_finish_shopping()
]]></system-out>
  </testcase>
</testsuite>