<?xml version="1.0" encoding="UTF-8"?>
<!-- Generated by org.testng.reporters.JUnitReportReporter -->
<testsuite hostname="DESKTOP-03EF0B8" failures="1" tests="1" name="cucumberoptions.Failedscenarios" time="26.749" errors="0" timestamp="2024-06-03T06:38:30 EDT" skipped="0">
  <testcase classname="cucumberoptions.Failedscenarios" name="runScenario" time="26.749">
    <failure message="expected [Beetroot] but found [No data]" type="java.lang.AssertionError">
      <![CDATA[java.lang.AssertionError: expected [Beetroot] but found [No data]
at org.testng.Assert.fail(Assert.java:111)
at org.testng.Assert.failNotEquals(Assert.java:1578)
at org.testng.Assert.assertEqualsImpl(Assert.java:150)
at org.testng.Assert.assertEquals(Assert.java:132)
at org.testng.Assert.assertEquals(Assert.java:656)
at org.testng.Assert.assertEquals(Assert.java:666)
at stepdefinitions.offerpagestepdefinitions.validate_product_name_present_landing_is_same_as_offer_page(offerpagestepdefinitions.java:56)
at ✽.validate product name present landing is same as offer page(file:///E:/ACucumber/cucumber/src/test/java/features/searchproduct.feature:9)
]]>
    </failure>
  </testcase> <!-- runScenario -->
</testsuite> <!-- cucumberoptions.Failedscenarios -->
